<?xml version="1.0" encoding="UTF-8"?>
<!-- Generated by org.testng.reporters.JUnitReportReporter -->
<testsuite hostname="DESKTOP-QOGF4CP" failures="0" tests="3" name="testNGdemo.secondday_2" time="0.064" errors="0" timestamp="2023-11-22T16:35:27 IST" skipped="0">
  <testcase classname="testNGdemo.secondday_2" name="test3_logout" time="0.004"/>
  <testcase classname="testNGdemo.secondday_2" name="test1_reg" time="0.055"/>
  <testcase classname="testNGdemo.secondday_2" name="test2_login" time="0.005"/>
</testsuite> <!-- testNGdemo.secondday_2 -->
