<?xml version="1.0" encoding="UTF-8"?>
<!-- Generated by org.testng.reporters.JUnitReportReporter -->
<testsuite hostname="DESKTOP-QOGF4CP" failures="0" tests="1" name="Assertdemo.HardAssertDemo1" time="0.034" errors="0" timestamp="2023-11-27T20:32:44 IST" skipped="0">
  <testcase classname="Assertdemo.HardAssertDemo1" name="test1" time="0.034"/>
</testsuite> <!-- Assertdemo.HardAssertDemo1 -->
