<?xml version="1.0" encoding="UTF-8"?>
<!-- Generated by org.testng.reporters.JUnitReportReporter -->
<testsuite hostname="DESKTOP-QOGF4CP" failures="0" tests="2" name="pom.Runner" time="53.289" errors="0" timestamp="2023-12-12T16:52:48 IST" skipped="0">
  <testcase classname="pom.Runner" name="login" time="22.859"/>
  <testcase classname="pom.Runner" name="verifyAddCustomer" time="30.430"/>
</testsuite> <!-- pom.Runner -->
