<?xml version="1.0" encoding="UTF-8"?>
<!-- Generated by org.testng.reporters.JUnitReportReporter -->
<testsuite hostname="DESKTOP-QOGF4CP" failures="0" tests="12" name="testNGdemo.secondday_5" time="0.036" errors="0" timestamp="2023-11-22T19:06:25 IST" skipped="0">
  <testcase classname="testNGdemo.secondday_5" name="reg" time="0.015"/>
  <testcase classname="testNGdemo.secondday_5" name="reg" time="0.002"/>
  <testcase classname="testNGdemo.secondday_5" name="reg" time="0.002"/>
  <testcase classname="testNGdemo.secondday_5" name="reg" time="0.001"/>
  <testcase classname="testNGdemo.secondday_5" name="reg" time="0.001"/>
  <testcase classname="testNGdemo.secondday_5" name="reg" time="0.001"/>
  <testcase classname="testNGdemo.secondday_5" name="reg" time="0.001"/>
  <testcase classname="testNGdemo.secondday_5" name="reg" time="0.001"/>
  <testcase classname="testNGdemo.secondday_5" name="reg" time="0.002"/>
  <testcase classname="testNGdemo.secondday_5" name="reg" time="0.001"/>
  <testcase classname="testNGdemo.secondday_5" name="reg" time="0.002"/>
  <testcase classname="testNGdemo.secondday_5" name="reg" time="0.007"/>
</testsuite> <!-- testNGdemo.secondday_5 -->
