<?xml version="1.0" encoding="UTF-8"?>
<!-- Generated by org.testng.reporters.JUnitReportReporter -->
<testsuite hostname="DESKTOP-QOGF4CP" failures="0" tests="2" name="testNGdemo_1.shipping" time="0.023" errors="0" timestamp="2023-11-24T19:04:14 IST" skipped="0">
  <testcase classname="testNGdemo_1.shipping" name="test2" time="0.005"/>
  <testcase classname="testNGdemo_1.shipping" name="test1" time="0.018"/>
</testsuite> <!-- testNGdemo_1.shipping -->
