<?xml version="1.0" encoding="UTF-8"?>
<!-- Generated by org.testng.reporters.JUnitReportReporter -->
<testsuite hostname="DESKTOP-QOGF4CP" failures="0" tests="2" name="testNGdemo.secondday_4" time="0.010" errors="0" timestamp="2023-11-22T18:57:21 IST" skipped="1">
  <testcase classname="testNGdemo.secondday_4" name="reg" time="0.010"/>
  <testcase classname="testNGdemo.secondday_4" name="purchaseItems">
    <skipped/>
  </testcase> <!-- purchaseItems -->
</testsuite> <!-- testNGdemo.secondday_4 -->
