<?xml version="1.0" encoding="UTF-8"?>
<!-- Generated by org.testng.reporters.JUnitReportReporter -->
<testsuite hostname="DESKTOP-QOGF4CP" failures="0" tests="1" name="testNGGroupsdemo.Listenertestcase" time="0.020" errors="0" timestamp="2023-11-28T21:46:43 IST" skipped="0">
  <testcase classname="testNGGroupsdemo.Listenertestcase" name="TC1" time="0.020"/>
</testsuite> <!-- testNGGroupsdemo.Listenertestcase -->
