<?xml version="1.0" encoding="UTF-8"?>
<!-- Generated by org.testng.reporters.JUnitReportReporter -->
<testsuite hostname="DESKTOP-QOGF4CP" failures="0" tests="2" name="testNGdemo_1.Pymentdemo" time="0.053" errors="0" timestamp="2023-11-23T14:19:19 IST" skipped="0">
  <testcase classname="testNGdemo_1.Pymentdemo" name="test3" time="0.045"/>
  <testcase classname="testNGdemo_1.Pymentdemo" name="test4" time="0.008"/>
</testsuite> <!-- testNGdemo_1.Pymentdemo -->
