<?xml version="1.0" encoding="UTF-8"?>
<!-- Generated by org.testng.reporters.JUnitReportReporter -->
<testsuite hostname="DESKTOP-QOGF4CP" failures="0" tests="2" name="testNGparameter.Vegetable" time="0.006" errors="0" timestamp="2023-11-25T18:32:20 IST" skipped="0">
  <testcase classname="testNGparameter.Vegetable" name="orange" time="0.003"/>
  <testcase classname="testNGparameter.Vegetable" name="c" time="0.003"/>
</testsuite> <!-- testNGparameter.Vegetable -->
