<?xml version="1.0" encoding="UTF-8"?>
<!-- Generated by org.testng.reporters.JUnitReportReporter -->
<testsuite hostname="DESKTOP-QOGF4CP" failures="0" tests="4" name="testNGdemo_DDT.ddtdemo1" time="0.012" errors="0" timestamp="2023-11-23T15:54:10 IST" skipped="0">
  <testcase classname="testNGdemo_DDT.ddtdemo1" name="login" time="0.001"/>
  <testcase classname="testNGdemo_DDT.ddtdemo1" name="login" time="0.001"/>
  <testcase classname="testNGdemo_DDT.ddtdemo1" name="login" time="0.002"/>
  <testcase classname="testNGdemo_DDT.ddtdemo1" name="login" time="0.008"/>
</testsuite> <!-- testNGdemo_DDT.ddtdemo1 -->
