<?xml version="1.0" encoding="UTF-8"?>
<!-- Generated by org.testng.reporters.JUnitReportReporter -->
<testsuite hostname="DESKTOP-QOGF4CP" failures="0" tests="2" name="testNGGroupsdemo.GroupDemo" time="0.026" errors="0" timestamp="2023-11-28T21:29:45 IST" skipped="0">
  <testcase classname="testNGGroupsdemo.GroupDemo" name="paymenttest1" time="0.023"/>
  <testcase classname="testNGGroupsdemo.GroupDemo" name="paymenttest2" time="0.003"/>
</testsuite> <!-- testNGGroupsdemo.GroupDemo -->
