<?xml version="1.0" encoding="UTF-8"?>
<!-- Generated by org.testng.reporters.JUnitReportReporter -->
<testsuite hostname="DESKTOP-QOGF4CP" failures="0" tests="4" name="testNGdemo_DDT.ddtdemo2" time="0.037" errors="0" timestamp="2023-11-24T12:19:49 IST" skipped="0">
  <testcase classname="testNGdemo_DDT.ddtdemo2" name="login" time="0.005"/>
  <testcase classname="testNGdemo_DDT.ddtdemo2" name="login" time="0.004"/>
  <testcase classname="testNGdemo_DDT.ddtdemo2" name="login" time="0.024"/>
  <testcase classname="testNGdemo_DDT.ddtdemo2" name="login" time="0.004"/>
</testsuite> <!-- testNGdemo_DDT.ddtdemo2 -->
