<?xml version="1.0" encoding="UTF-8"?>
<!-- Generated by org.testng.reporters.JUnitReportReporter -->
<testsuite hostname="DESKTOP-QOGF4CP" failures="0" tests="1" name="testNGdemo.secondday_7" time="0.011" errors="0" timestamp="2023-11-22T19:22:23 IST" skipped="0">
  <testcase classname="testNGdemo.secondday_7" name="reg" time="0.011"/>
</testsuite> <!-- testNGdemo.secondday_7 -->
