<?xml version="1.0" encoding="UTF-8"?>
<!-- Generated by org.testng.reporters.JUnitReportReporter -->
<testsuite hostname="DESKTOP-QOGF4CP" failures="0" tests="2" name="testNGdemo_1.Pyment" time="0.009" errors="0" timestamp="2023-11-24T22:30:11 IST" skipped="1">
  <testcase classname="testNGdemo_1.Pyment" name="test3" time="0.009"/>
  <testcase classname="testNGdemo_1.Pyment" name="test4">
    <skipped/>
  </testcase> <!-- test4 -->
</testsuite> <!-- testNGdemo_1.Pyment -->
