<?xml version="1.0" encoding="UTF-8"?>
<!-- Generated by org.testng.reporters.JUnitReportReporter -->
<testsuite hostname="DESKTOP-QOGF4CP" failures="0" tests="2" name="day13dec23.Runner" time="43.690" errors="0" timestamp="2023-12-13T12:13:50 IST" skipped="0">
  <testcase classname="day13dec23.Runner" name="login" time="22.452"/>
  <testcase classname="day13dec23.Runner" name="verifyAddCustomer" time="21.238"/>
</testsuite> <!-- day13dec23.Runner -->
