<?xml version="1.0" encoding="UTF-8"?>
<!-- Generated by org.testng.reporters.JUnitReportReporter -->
<testsuite hostname="DESKTOP-QOGF4CP" failures="0" tests="1" name="testNGparameter.adding" time="0.029" errors="0" timestamp="2023-11-25T14:12:17 IST" skipped="0">
  <testcase classname="testNGparameter.adding" name="add" time="0.029"/>
</testsuite> <!-- testNGparameter.adding -->
