<?xml version="1.0" encoding="UTF-8"?>
<!-- Generated by org.testng.reporters.JUnitReportReporter -->
<testsuite hostname="DESKTOP-QOGF4CP" failures="0" tests="2" name="testNGparameter.Fruits" time="0.022" errors="0" timestamp="2023-11-25T18:32:20 IST" skipped="0">
  <testcase classname="testNGparameter.Fruits" name="mango" time="0.019"/>
  <testcase classname="testNGparameter.Fruits" name="orange" time="0.003"/>
</testsuite> <!-- testNGparameter.Fruits -->
