<?xml version="1.0" encoding="UTF-8"?>
<!-- Generated by org.testng.reporters.JUnitReportReporter -->
<testsuite hostname="DESKTOP-QOGF4CP" failures="0" tests="3" name="testNGdemo.firstclass" time="0.030" errors="0" timestamp="2023-11-22T13:43:40 IST" skipped="0">
  <testcase classname="testNGdemo.firstclass" name="login" time="0.023"/>
  <testcase classname="testNGdemo.firstclass" name="reg" time="0.002"/>
  <testcase classname="testNGdemo.firstclass" name="logout" time="0.005"/>
</testsuite> <!-- testNGdemo.firstclass -->
