<?xml version="1.0" encoding="UTF-8"?>
<!-- Generated by org.testng.reporters.JUnitReportReporter -->
<testsuite hostname="DESKTOP-QOGF4CP" failures="0" tests="1" name="testNGparameter.substract" time="0.008" errors="0" timestamp="2023-11-25T14:12:17 IST" skipped="0">
  <testcase classname="testNGparameter.substract" name="sub" time="0.008"/>
</testsuite> <!-- testNGparameter.substract -->
