<?xml version="1.0" encoding="UTF-8"?>
<!-- Generated by org.testng.reporters.JUnitReportReporter -->
<testsuite hostname="DESKTOP-QOGF4CP" failures="0" tests="1" name="testNGparameter.multi" time="0.004" errors="0" timestamp="2023-11-25T14:12:17 IST" skipped="0">
  <testcase classname="testNGparameter.multi" name="mult" time="0.004"/>
</testsuite> <!-- testNGparameter.multi -->
