<?xml version="1.0" encoding="UTF-8"?>
<!-- Generated by org.testng.reporters.JUnitReportReporter -->
<testsuite hostname="DESKTOP-QOGF4CP" failures="0" tests="1" name="pom.RRR$Runner" time="13.342" errors="0" timestamp="2023-12-02T16:03:41 IST" skipped="0">
  <testcase classname="pom.RRR$Runner" name="SetUpe" time="13.342"/>
</testsuite> <!-- pom.RRR$Runner -->
