<?xml version="1.0" encoding="UTF-8"?>
<!-- Generated by org.testng.reporters.JUnitReportReporter -->
<testsuite hostname="DESKTOP-QOGF4CP" failures="0" tests="3" name="testNGdemo.secondday" time="0.069" errors="0" timestamp="2023-11-22T16:27:27 IST" skipped="0">
  <testcase classname="testNGdemo.secondday" name="test1_reg" time="0.055"/>
  <testcase classname="testNGdemo.secondday" name="test3_logout" time="0.008"/>
  <testcase classname="testNGdemo.secondday" name="test2_login" time="0.006"/>
</testsuite> <!-- testNGdemo.secondday -->
