<?xml version="1.0" encoding="UTF-8"?>
<!-- Generated by org.testng.reporters.JUnitReportReporter -->
<testsuite hostname="DESKTOP-QOGF4CP" failures="0" tests="1" name="testNGdemo.secondday_6" time="0.554" errors="0" timestamp="2023-11-23T13:36:02 IST" skipped="0">
  <testcase classname="testNGdemo.secondday_6" name="reg" time="0.554"/>
</testsuite> <!-- testNGdemo.secondday_6 -->
